<?xml version="1.0" encoding="UTF-8"?>
<!-- Generated by org.testng.reporters.JUnitReportReporter -->
<testsuite hostname="vikram" failures="0" tests="1" name="tests.Day2" time="0.001" errors="0" timestamp="2024-12-08T20:35:43 IST" skipped="0">
  <testcase classname="tests.Day2" name="pLoan" time="0.001"/>
</testsuite> <!-- tests.Day2 -->
