<?xml version="1.0" encoding="UTF-8"?>
<!-- Generated by org.testng.reporters.JUnitReportReporter -->
<testsuite hostname="vikram" failures="0" tests="3" name="tests.Day4" time="0.003" errors="0" timestamp="2024-12-08T20:35:43 IST" skipped="0">
  <testcase classname="tests.Day4" name="webLoginHomeLoan" time="0.002"/>
  <testcase classname="tests.Day4" name="loginAPIHomeLoan" time="0.001"/>
  <testcase classname="tests.Day4" name="mobileLoginHomeLoan" time="0.000"/>
</testsuite> <!-- tests.Day4 -->
