<?xml version="1.0" encoding="UTF-8"?>
<!-- Generated by org.testng.reporters.JUnitReportReporter -->
<testsuite hostname="vikram" failures="0" tests="2" name="Day1" time="0.004" errors="0" timestamp="2024-12-08T12:07:39 IST" skipped="0">
  <testcase classname="Day1" name="secondTest" time="0.000"/>
  <testcase classname="Day1" name="demo" time="0.004"/>
</testsuite> <!-- Day1 -->
