<?xml version="1.0" encoding="UTF-8"?>
<!-- Generated by org.testng.reporters.JUnitReportReporter -->
<testsuite hostname="vikram" failures="0" tests="1" name="inheritanceLogic.PS1" time="0.008" errors="0" timestamp="2024-12-08T22:43:55 IST" skipped="0">
  <testcase classname="inheritanceLogic.PS1" name="testRun" time="0.008"/>
</testsuite> <!-- inheritanceLogic.PS1 -->
