<?xml version="1.0" encoding="UTF-8"?>
<!-- Generated by org.testng.reporters.JUnitReportReporter -->
<testsuite hostname="vikram" failures="0" tests="8" name="tests.Day3" time="0.010" errors="0" timestamp="2024-12-08T20:35:43 IST" skipped="1">
  <testcase classname="tests.Day3" name="testDataDriven" time="0.003"/>
  <testcase classname="tests.Day3" name="testDataDriven" time="0.000"/>
  <testcase classname="tests.Day3" name="testDataDriven" time="0.002"/>
  <testcase classname="tests.Day3" name="loginAPICarLoan" time="0.001"/>
  <testcase classname="tests.Day3" name="mobileSignOutCarLoan" time="0.000"/>
  <testcase classname="tests.Day3" name="webLoginCarLoan" time="0.001"/>
  <testcase classname="tests.Day3" name="mobileLoginCarLoan" time="0.003"/>
  <testcase classname="tests.Day3" name="mobileSignCarLoan">
    <skipped/>
  </testcase> <!-- mobileSignCarLoan -->
</testsuite> <!-- tests.Day3 -->
