<?xml version="1.0" encoding="UTF-8"?>
<!-- Generated by org.testng.reporters.JUnitReportReporter -->
<testsuite hostname="vikram" failures="0" tests="1" name="Stream1" time="0.006" errors="0" timestamp="2024-12-07T19:50:24 IST" skipped="0">
  <testcase classname="Stream1" name="streamCollect" time="0.006"/>
</testsuite> <!-- Stream1 -->
